build/app/outputs/mapping/r8/release/mapping.txt
# compiler: R8
# compiler_version: 1.2.49
# min_api: 16
...
io.flutter.plugin.common.BasicMessageChannel$MessageHandler -> b.a.b.a.d$c:
    void onMessage(java.lang.Object,io.flutter.plugin.common.BasicMessageChannel$Reply) -> a
io.flutter.plugin.common.BasicMessageChannel$Reply -> b.a.b.a.d$d:
    void reply(java.lang.Object) -> a
io.flutter.plugin.common.BinaryMessenger -> b.a.b.a.e:
    void send(java.lang.String,java.nio.ByteBuffer,io.flutter.plugin.common.BinaryMessenger$BinaryReply) -> a
    void setMessageHandler(java.lang.String,io.flutter.plugin.common.BinaryMessenger$BinaryMessageHandler) -> a
io.flutter.plugin.common.BinaryMessenger$BinaryMessageHandler -> b.a.b.a.e$a:
    void onMessage(java.nio.ByteBuffer,io.flutter.plugin.common.BinaryMessenger$BinaryReply) -> a
io.flutter.plugin.common.BinaryMessenger$BinaryReply -> b.a.b.a.e$b:
    void reply(java.nio.ByteBuffer) -> a
io.flutter.plugin.common.FlutterException -> b.a.b.a.f:
    java.lang.Object details -> b
    java.lang.String code -> a
io.flutter.plugin.common.JSONMessageCodec -> b.a.b.a.g:
    io.flutter.plugin.common.JSONMessageCodec INSTANCE -> a
    java.lang.Object decodeMessage(java.nio.ByteBuffer) -> a
    java.nio.ByteBuffer encodeMessage(java.lang.Object) -> a
io.flutter.plugin.common.JSONMethodCodec -> b.a.b.a.h:
    io.flutter.plugin.common.JSONMethodCodec INSTANCE -> a
    io.flutter.plugin.common.MethodCall decodeMethodCall(java.nio.ByteBuffer) -> a
    java.lang.Object decodeEnvelope(java.nio.ByteBuffer) -> b
    java.lang.Object unwrapNull(java.lang.Object) -> b
    java.nio.ByteBuffer encodeErrorEnvelope(java.lang.String,java.lang.String,java.lang.Object) -> a
    java.nio.ByteBuffer encodeMethodCall(io.flutter.plugin.common.MethodCall) -> a
    java.nio.ByteBuffer encodeSuccessEnvelope(java.lang.Object) -> a
io.flutter.plugin.common.JSONUtil -> b.a.b.a.i:
    java.lang.Object wrap(java.lang.Object) -> a
io.flutter.plugin.common.MessageCodec -> b.a.b.a.j:
    java.lang.Object decodeMessage(java.nio.ByteBuffer) -> a
    java.nio.ByteBuffer encodeMessage(java.lang.Object) -> a
io.flutter.plugin.common.MethodCall -> b.a.b.a.k:
    java.lang.Object arguments -> b
    java.lang.String method -> a
    java.lang.Object argument(java.lang.String) -> a
    java.lang.Object arguments() -> a
io.flutter.plugin.common.MethodChannel -> b.a.b.a.m:
    io.flutter.plugin.common.BinaryMessenger messenger -> a
    io.flutter.plugin.common.MethodCodec codec -> c
    java.lang.String name -> b
    io.flutter.plugin.common.MethodCodec access$000(io.flutter.plugin.common.MethodChannel) -> a
    java.lang.String access$100(io.flutter.plugin.common.MethodChannel) -> b
    void invokeMethod(java.lang.String,java.lang.Object) -> a
    void invokeMethod(java.lang.String,java.lang.Object,io.flutter.plugin.common.MethodChannel$Result) -> a
    void setMethodCallHandler(io.flutter.plugin.common.MethodChannel$MethodCallHandler) -> a
io.flutter.plugin.common.MethodChannel$IncomingMethodCallHandler -> b.a.b.a.m$a:
    io.flutter.plugin.common.MethodChannel this$0 -> b
    io.flutter.plugin.common.MethodChannel$MethodCallHandler handler -> a
    void onMessage(java.nio.ByteBuffer,io.flutter.plugin.common.BinaryMessenger$BinaryReply) -> a
io.flutter.plugin.common.MethodChannel$IncomingMethodCallHandler$1 -> b.a.b.a.l:
    io.flutter.plugin.common.BinaryMessenger$BinaryReply val$reply -> a
    io.flutter.plugin.common.MethodChannel$IncomingMethodCallHandler this$1 -> b
    void error(java.lang.String,java.lang.String,java.lang.Object) -> a
    void notImplemented() -> a
    void success(java.lang.Object) -> a
io.flutter.plugin.common.MethodChannel$IncomingResultHandler -> b.a.b.a.m$b:
    io.flutter.plugin.common.MethodChannel this$0 -> b
    io.flutter.plugin.common.MethodChannel$Result callback -> a
    void reply(java.nio.ByteBuffer) -> a
io.flutter.plugin.common.MethodChannel$MethodCallHandler -> b.a.b.a.m$c:
    void onMethodCall(io.flutter.plugin.common.MethodCall,io.flutter.plugin.common.MethodChannel$Result) -> a